<?xml version="1.0" encoding="utf-8"?>
<TestRun id="2c6702e1-bb91-4075-9c13-2cc88c8c3f13" name="@649a69017c83 2023-04-27 10:12:09" xmlns="http://microsoft.com/schemas/VisualStudio/TeamTest/2010">
  <Times creation="2023-04-27T10:12:09.8328528+00:00" queuing="2023-04-27T10:12:09.8328528+00:00" start="2023-04-27T10:12:08.8111075+00:00" finish="2023-04-27T10:12:09.8375639+00:00" />
  <TestSettings name="default" id="a0bfbfea-bfab-4291-8be7-6aba310b445a">
    <Deployment runDeploymentRoot="_649a69017c83_2023-04-27_10_12_09" />
  </TestSettings>
  <Results>
    <UnitTestResult executionId="eedbc3f9-94fd-4032-9c14-034840755bd5" testId="c666bcff-7f19-7e9a-28c4-4d781be9c815" testName="DockerTesting.Web.API.ComponentTests.UnitTest1.Test1" computerName="649a69017c83" duration="00:00:00.0043929" startTime="2023-04-27T10:12:09.7249982+00:00" endTime="2023-04-27T10:12:09.7250129+00:00" testType="13cdc9d9-ddb5-4fa4-a97d-d965ccfc6d4b" outcome="Passed" testListId="8c84fa94-04c1-424b-9868-57a2d4851a1d" relativeResultsDirectory="eedbc3f9-94fd-4032-9c14-034840755bd5" />
  </Results>
  <TestDefinitions>
    <UnitTest name="DockerTesting.Web.API.ComponentTests.UnitTest1.Test1" storage="/tests/dockertesting.web.api.componenttests/bin/release/net6.0/dockertesting.web.api.componenttests.dll" id="c666bcff-7f19-7e9a-28c4-4d781be9c815">
      <Execution id="eedbc3f9-94fd-4032-9c14-034840755bd5" />
      <TestMethod codeBase="/tests/DockerTesting.Web.API.ComponentTests/bin/Release/net6.0/DockerTesting.Web.API.ComponentTests.dll" adapterTypeName="executor://xunit/VsTestRunner2/netcoreapp" className="DockerTesting.Web.API.ComponentTests.UnitTest1" name="Test1" />
    </UnitTest>
  </TestDefinitions>
  <TestEntries>
    <TestEntry testId="c666bcff-7f19-7e9a-28c4-4d781be9c815" executionId="eedbc3f9-94fd-4032-9c14-034840755bd5" testListId="8c84fa94-04c1-424b-9868-57a2d4851a1d" />
  </TestEntries>
  <TestLists>
    <TestList name="Results Not in a List" id="8c84fa94-04c1-424b-9868-57a2d4851a1d" />
    <TestList name="All Loaded Results" id="19431567-8539-422a-85d7-44ee4e166bda" />
  </TestLists>
  <ResultSummary outcome="Completed">
    <Counters total="1" executed="1" passed="1" failed="0" error="0" timeout="0" aborted="0" inconclusive="0" passedButRunAborted="0" notRunnable="0" notExecuted="0" disconnected="0" warning="0" completed="0" inProgress="0" pending="0" />
    <Output>
      <StdOut>[xUnit.net 00:00:00.00] xUnit.net VSTest Adapter v2.4.5+1caef2f33e (64-bit .NET 6.0.15)
[xUnit.net 00:00:00.47]   Discovering: DockerTesting.Web.API.ComponentTests
[xUnit.net 00:00:00.50]   Discovered:  DockerTesting.Web.API.ComponentTests
[xUnit.net 00:00:00.51]   Starting:    DockerTesting.Web.API.ComponentTests
[xUnit.net 00:00:00.56]   Finished:    DockerTesting.Web.API.ComponentTests
</StdOut>
    </Output>
  </ResultSummary>
</TestRun>